<?xml version="1.0" encoding="UTF-8"?>
<testng-results ignored="0" total="1" passed="1" failed="0" skipped="0">
  <reporter-output>
  </reporter-output>
  <suite started-at="2023-03-22T23:59:13 IST" name="Default suite" finished-at="2023-03-22T23:59:13 IST" duration-ms="270">
    <groups>
    </groups>
    <test started-at="2023-03-22T23:59:13 IST" name="Default test" finished-at="2023-03-22T23:59:13 IST" duration-ms="270">
      <class name="Lecture_05.pgm_01_ExcelData">
        <test-method signature="readExcelData()[pri:0, instance:Lecture_05.pgm_01_ExcelData@1283bb96]" started-at="2023-03-22T23:59:13 IST" name="readExcelData" finished-at="2023-03-22T23:59:13 IST" duration-ms="242" status="PASS">
          <reporter-output>
          </reporter-output>
        </test-method> <!-- readExcelData -->
      </class> <!-- Lecture_05.pgm_01_ExcelData -->
    </test> <!-- Default test -->
  </suite> <!-- Default suite -->
</testng-results>
