<?xml version="1.0" encoding="UTF-8"?>
<!-- Generated by org.testng.reporters.JUnitXMLReporter -->
<testsuite ignored="1" hostname="mangesh-sutar" failures="0" tests="1" name="Test" time="0.809" errors="0" timestamp="2023-03-22T21:18:29 IST">
  <testcase classname="APITESTING.Lecture_04_methodclass" name="deleteMethod" time="0.785"/>
  <testcase classname="APITESTING.Lecture_04_methodclass" name="postmethod" time="0.0">
    <ignored/>
  </testcase> <!-- postmethod -->
</testsuite> <!-- Test -->
